
##### 817_perStar_absolute  (rows=69007912666, read=2000000, finite=2000000)
  band    median      std        p5       p95  resid std
     g   -0.0106   0.0030   -0.0132   -0.0030     0.0006
       color-bin medians: +0.001 -0.001 -0.002 -0.004 -0.007 -0.009 -0.009 -0.010 -0.012 -0.013
     r   -0.0355   0.0086   -0.0407   -0.0131     0.0018
       color-bin medians: +0.000 -0.006 -0.011 -0.016 -0.025 -0.030 -0.033 -0.035 -0.038 -0.040
     i   -0.0526   0.0151   -0.0636   -0.0163     0.0038
       color-bin medians: -0.011 -0.015 -0.016 -0.021 -0.021 -0.028 -0.040 -0.051 -0.058 -0.063
     z   -0.0711   0.0248   -0.1106   -0.0299     0.0135
       color-bin medians: -0.049 -0.049 -0.048 -0.049 -0.026 -0.035 -0.047 -0.064 -0.086 -0.108

##### 544_perStar_apparent_z1  (rows=32526938850, read=2000000, finite=2000000)
  band    median      std        p5       p95  resid std
     g   -0.0220   0.0125   -0.0481   -0.0043     0.0025
       color-bin medians: -0.002 -0.003 -0.005 -0.008 -0.013 -0.019 -0.024 -0.029 -0.039 -0.051
     r   -0.1196   0.0379   -0.1620   -0.0327     0.0067
       color-bin medians: -0.008 -0.024 -0.041 -0.062 -0.088 -0.109 -0.125 -0.138 -0.153 -0.165
     i   -0.2042   0.0244   -0.2299   -0.1665     0.0074
       color-bin medians: -0.117 -0.148 -0.182 -0.203 -0.204 -0.200 -0.201 -0.208 -0.221 -0.232
     z   -0.1616   0.0694   -0.2426   -0.0121     0.0188
       color-bin medians: +0.003 -0.007 -0.022 -0.040 -0.096 -0.140 -0.175 -0.202 -0.225 -0.247

##### 771_perSubhalo_apparent  (rows=45091639, read=45091639, finite=16897626)
  band    median      std        p5       p95  resid std
     g   -0.0090   0.0051   -0.0136    0.0024     0.0010
       color-bin medians: +0.005 +0.003 +0.002 +0.001 -0.001 -0.003 -0.007 -0.009 -0.012 -0.015
     r   -0.0297   0.0104   -0.0374   -0.0057     0.0016
       color-bin medians: +0.003 -0.002 -0.006 -0.010 -0.015 -0.020 -0.027 -0.031 -0.035 -0.040
     i   -0.0278   0.0084   -0.0411   -0.0151     0.0037
       color-bin medians: -0.005 -0.011 -0.018 -0.024 -0.023 -0.024 -0.026 -0.029 -0.036 -0.045
     z   -0.0205   0.0119   -0.0451   -0.0093     0.0077
       color-bin medians: -0.000 -0.009 -0.020 -0.027 -0.021 -0.017 -0.017 -0.020 -0.032 -0.047

##### 817_perSubhalo_absolute  (rows=44366700, read=44366700, finite=16206229)
  band    median      std        p5       p95  resid std
     g   -0.0066   0.0022   -0.0087   -0.0016     0.0008
       color-bin medians: -0.000 -0.001 -0.002 -0.003 -0.004 -0.006 -0.007 -0.008 -0.009 -0.009
     r   -0.0244   0.0064   -0.0307   -0.0109     0.0016
       color-bin medians: -0.005 -0.008 -0.012 -0.015 -0.018 -0.024 -0.026 -0.028 -0.031 -0.033
     i   -0.0169   0.0076   -0.0329   -0.0088     0.0043
       color-bin medians: -0.003 -0.006 -0.010 -0.015 -0.017 -0.015 -0.018 -0.024 -0.031 -0.038
     z   -0.0214   0.0115   -0.0497   -0.0151     0.0087
       color-bin medians: -0.012 -0.015 -0.019 -0.026 -0.025 -0.018 -0.022 -0.029 -0.038 -0.047

wrote /hildafs/projects/phy200026p/akumar45/results/bandOffsets.json
